{"/home/faker/Github/Tizen-QR-main/server/index.js": {"path":"/home/faker/Github/Tizen-QR-main/server/index.js","statementMap":{"0":{"start":{"line":1,"column":16},"end":{"line":1,"column":34}},"1":{"start":{"line":2,"column":13},"end":{"line":2,"column":28}},"2":{"start":{"line":3,"column":19},"end":{"line":3,"column":39}},"3":{"start":{"line":4,"column":15},"end":{"line":4,"column":32}},"4":{"start":{"line":5,"column":25},"end":{"line":5,"column":47}},"5":{"start":{"line":6,"column":11},"end":{"line":6,"column":24}},"6":{"start":{"line":7,"column":13},"end":{"line":7,"column":28}},"7":{"start":{"line":9,"column":23},"end":{"line":9,"column":51}},"8":{"start":{"line":10,"column":22},"end":{"line":10,"column":49}},"9":{"start":{"line":12,"column":12},"end":{"line":12,"column":21}},"10":{"start":{"line":13,"column":15},"end":{"line":13,"column":37}},"11":{"start":{"line":14,"column":11},"end":{"line":14,"column":56}},"12":{"start":{"line":16,"column":13},"end":{"line":16,"column":17}},"13":{"start":{"line":17,"column":20},"end":{"line":17,"column":58}},"14":{"start":{"line":20,"column":16},"end":{"line":20,"column":20}},"15":{"start":{"line":21,"column":19},"end":{"line":21,"column":23}},"16":{"start":{"line":25,"column":4},"end":{"line":34,"column":5}},"17":{"start":{"line":26,"column":8},"end":{"line":33,"column":9}},"18":{"start":{"line":27,"column":25},"end":{"line":27,"column":61}},"19":{"start":{"line":28,"column":27},"end":{"line":28,"column":43}},"20":{"start":{"line":29,"column":12},"end":{"line":29,"column":113}},"21":{"start":{"line":30,"column":12},"end":{"line":30,"column":26}},"22":{"start":{"line":32,"column":12},"end":{"line":32,"column":63}},"23":{"start":{"line":35,"column":4},"end":{"line":35,"column":16}},"24":{"start":{"line":39,"column":4},"end":{"line":39,"column":67}},"25":{"start":{"line":40,"column":4},"end":{"line":40,"column":91}},"26":{"start":{"line":44,"column":18},"end":{"line":44,"column":43}},"27":{"start":{"line":46,"column":4},"end":{"line":52,"column":5}},"28":{"start":{"line":47,"column":8},"end":{"line":47,"column":42}},"29":{"start":{"line":48,"column":8},"end":{"line":48,"column":32}},"30":{"start":{"line":50,"column":8},"end":{"line":50,"column":43}},"31":{"start":{"line":51,"column":8},"end":{"line":51,"column":33}},"32":{"start":{"line":54,"column":4},"end":{"line":54,"column":32}},"33":{"start":{"line":55,"column":4},"end":{"line":55,"column":62}},"34":{"start":{"line":56,"column":4},"end":{"line":56,"column":21}},"35":{"start":{"line":61,"column":4},"end":{"line":61,"column":79}},"36":{"start":{"line":62,"column":4},"end":{"line":62,"column":61}},"37":{"start":{"line":64,"column":15},"end":{"line":64,"column":35}},"38":{"start":{"line":65,"column":4},"end":{"line":68,"column":5}},"39":{"start":{"line":66,"column":8},"end":{"line":66,"column":56}},"40":{"start":{"line":67,"column":8},"end":{"line":67,"column":20}},"41":{"start":{"line":70,"column":19},"end":{"line":70,"column":54}},"42":{"start":{"line":71,"column":21},"end":{"line":71,"column":23}},"43":{"start":{"line":74,"column":4},"end":{"line":100,"column":5}},"44":{"start":{"line":74,"column":17},"end":{"line":74,"column":18}},"45":{"start":{"line":75,"column":25},"end":{"line":75,"column":41}},"46":{"start":{"line":76,"column":18},"end":{"line":98,"column":10}},"47":{"start":{"line":77,"column":24},"end":{"line":95,"column":14}},"48":{"start":{"line":78,"column":27},"end":{"line":78,"column":29}},"49":{"start":{"line":79,"column":16},"end":{"line":79,"column":55}},"50":{"start":{"line":79,"column":40},"end":{"line":79,"column":53}},"51":{"start":{"line":80,"column":16},"end":{"line":94,"column":19}},"52":{"start":{"line":81,"column":20},"end":{"line":93,"column":49}},"53":{"start":{"line":82,"column":37},"end":{"line":82,"column":53}},"54":{"start":{"line":83,"column":24},"end":{"line":92,"column":25}},"55":{"start":{"line":84,"column":28},"end":{"line":89,"column":31}},"56":{"start":{"line":91,"column":28},"end":{"line":91,"column":42}},"57":{"start":{"line":93,"column":33},"end":{"line":93,"column":47}},"58":{"start":{"line":96,"column":12},"end":{"line":96,"column":49}},"59":{"start":{"line":96,"column":34},"end":{"line":96,"column":47}},"60":{"start":{"line":97,"column":12},"end":{"line":97,"column":71}},"61":{"start":{"line":97,"column":38},"end":{"line":97,"column":52}},"62":{"start":{"line":97,"column":53},"end":{"line":97,"column":67}},"63":{"start":{"line":99,"column":8},"end":{"line":99,"column":25}},"64":{"start":{"line":103,"column":4},"end":{"line":129,"column":5}},"65":{"start":{"line":103,"column":17},"end":{"line":103,"column":18}},"66":{"start":{"line":104,"column":25},"end":{"line":104,"column":41}},"67":{"start":{"line":105,"column":18},"end":{"line":127,"column":10}},"68":{"start":{"line":106,"column":24},"end":{"line":124,"column":14}},"69":{"start":{"line":107,"column":27},"end":{"line":107,"column":29}},"70":{"start":{"line":108,"column":16},"end":{"line":108,"column":55}},"71":{"start":{"line":108,"column":40},"end":{"line":108,"column":53}},"72":{"start":{"line":109,"column":16},"end":{"line":123,"column":19}},"73":{"start":{"line":110,"column":20},"end":{"line":122,"column":49}},"74":{"start":{"line":111,"column":37},"end":{"line":111,"column":53}},"75":{"start":{"line":112,"column":24},"end":{"line":121,"column":25}},"76":{"start":{"line":113,"column":28},"end":{"line":118,"column":31}},"77":{"start":{"line":120,"column":28},"end":{"line":120,"column":42}},"78":{"start":{"line":122,"column":33},"end":{"line":122,"column":47}},"79":{"start":{"line":125,"column":12},"end":{"line":125,"column":49}},"80":{"start":{"line":125,"column":34},"end":{"line":125,"column":47}},"81":{"start":{"line":126,"column":12},"end":{"line":126,"column":71}},"82":{"start":{"line":126,"column":38},"end":{"line":126,"column":52}},"83":{"start":{"line":126,"column":53},"end":{"line":126,"column":67}},"84":{"start":{"line":128,"column":8},"end":{"line":128,"column":25}},"85":{"start":{"line":131,"column":20},"end":{"line":131,"column":47}},"86":{"start":{"line":132,"column":16},"end":{"line":132,"column":47}},"87":{"start":{"line":132,"column":36},"end":{"line":132,"column":46}},"88":{"start":{"line":134,"column":4},"end":{"line":142,"column":5}},"89":{"start":{"line":135,"column":24},"end":{"line":135,"column":30}},"90":{"start":{"line":136,"column":8},"end":{"line":136,"column":134}},"91":{"start":{"line":137,"column":8},"end":{"line":137,"column":30}},"92":{"start":{"line":138,"column":8},"end":{"line":138,"column":23}},"93":{"start":{"line":140,"column":8},"end":{"line":140,"column":74}},"94":{"start":{"line":141,"column":8},"end":{"line":141,"column":20}},"95":{"start":{"line":147,"column":21},"end":{"line":147,"column":45}},"96":{"start":{"line":149,"column":4},"end":{"line":152,"column":5}},"97":{"start":{"line":150,"column":8},"end":{"line":150,"column":42}},"98":{"start":{"line":151,"column":8},"end":{"line":151,"column":15}},"99":{"start":{"line":155,"column":4},"end":{"line":155,"column":26}},"100":{"start":{"line":158,"column":4},"end":{"line":162,"column":5}},"101":{"start":{"line":159,"column":8},"end":{"line":159,"column":33}},"102":{"start":{"line":161,"column":8},"end":{"line":161,"column":32}},"103":{"start":{"line":166,"column":4},"end":{"line":169,"column":5}},"104":{"start":{"line":167,"column":8},"end":{"line":167,"column":53}},"105":{"start":{"line":168,"column":8},"end":{"line":168,"column":15}},"106":{"start":{"line":170,"column":4},"end":{"line":170,"column":27}},"107":{"start":{"line":174,"column":4},"end":{"line":177,"column":5}},"108":{"start":{"line":175,"column":8},"end":{"line":175,"column":53}},"109":{"start":{"line":176,"column":8},"end":{"line":176,"column":15}},"110":{"start":{"line":178,"column":4},"end":{"line":178,"column":29}},"111":{"start":{"line":182,"column":4},"end":{"line":182,"column":27}},"112":{"start":{"line":182,"column":20},"end":{"line":182,"column":27}},"113":{"start":{"line":183,"column":4},"end":{"line":183,"column":36}},"114":{"start":{"line":187,"column":4},"end":{"line":187,"column":27}},"115":{"start":{"line":187,"column":20},"end":{"line":187,"column":27}},"116":{"start":{"line":188,"column":4},"end":{"line":188,"column":31}},"117":{"start":{"line":192,"column":19},"end":{"line":192,"column":33}},"118":{"start":{"line":194,"column":4},"end":{"line":201,"column":5}},"119":{"start":{"line":195,"column":8},"end":{"line":195,"column":28}},"120":{"start":{"line":197,"column":22},"end":{"line":197,"column":39}},"121":{"start":{"line":198,"column":8},"end":{"line":200,"column":9}},"122":{"start":{"line":199,"column":12},"end":{"line":199,"column":31}},"123":{"start":{"line":204,"column":0},"end":{"line":229,"column":3}},"124":{"start":{"line":205,"column":4},"end":{"line":205,"column":50}},"125":{"start":{"line":207,"column":20},"end":{"line":207,"column":29}},"126":{"start":{"line":208,"column":19},"end":{"line":208,"column":33}},"127":{"start":{"line":210,"column":4},"end":{"line":218,"column":5}},"128":{"start":{"line":211,"column":8},"end":{"line":215,"column":9}},"129":{"start":{"line":212,"column":12},"end":{"line":212,"column":100}},"130":{"start":{"line":214,"column":12},"end":{"line":214,"column":99}},"131":{"start":{"line":217,"column":8},"end":{"line":217,"column":58}},"132":{"start":{"line":220,"column":4},"end":{"line":220,"column":49}},"133":{"start":{"line":220,"column":35},"end":{"line":220,"column":47}},"134":{"start":{"line":221,"column":4},"end":{"line":221,"column":53}},"135":{"start":{"line":221,"column":37},"end":{"line":221,"column":51}},"136":{"start":{"line":222,"column":4},"end":{"line":222,"column":71}},"137":{"start":{"line":222,"column":38},"end":{"line":222,"column":69}},"138":{"start":{"line":223,"column":4},"end":{"line":223,"column":53}},"139":{"start":{"line":223,"column":35},"end":{"line":223,"column":51}},"140":{"start":{"line":224,"column":4},"end":{"line":228,"column":7}},"141":{"start":{"line":225,"column":8},"end":{"line":225,"column":60}},"142":{"start":{"line":226,"column":22},"end":{"line":226,"column":39}},"143":{"start":{"line":227,"column":8},"end":{"line":227,"column":38}},"144":{"start":{"line":227,"column":19},"end":{"line":227,"column":38}},"145":{"start":{"line":233,"column":4},"end":{"line":233,"column":21}},"146":{"start":{"line":236,"column":20},"end":{"line":236,"column":40}},"147":{"start":{"line":237,"column":4},"end":{"line":237,"column":55}},"148":{"start":{"line":238,"column":4},"end":{"line":241,"column":7}},"149":{"start":{"line":239,"column":8},"end":{"line":239,"column":49}},"150":{"start":{"line":240,"column":8},"end":{"line":240,"column":25}},"151":{"start":{"line":242,"column":4},"end":{"line":242,"column":35}},"152":{"start":{"line":245,"column":0},"end":{"line":245,"column":14}}},"fnMap":{"0":{"name":"loadTvConfig","decl":{"start":{"line":24,"column":9},"end":{"line":24,"column":21}},"loc":{"start":{"line":24,"column":24},"end":{"line":36,"column":1}},"line":24},"1":{"name":"saveTvConfig","decl":{"start":{"line":38,"column":9},"end":{"line":38,"column":21}},"loc":{"start":{"line":38,"column":30},"end":{"line":41,"column":1}},"line":38},"2":{"name":"initAdapter","decl":{"start":{"line":43,"column":9},"end":{"line":43,"column":20}},"loc":{"start":{"line":43,"column":29},"end":{"line":57,"column":1}},"line":43},"3":{"name":"scanForTv","decl":{"start":{"line":60,"column":15},"end":{"line":60,"column":24}},"loc":{"start":{"line":60,"column":27},"end":{"line":143,"column":1}},"line":60},"4":{"name":"(anonymous_4)","decl":{"start":{"line":76,"column":30},"end":{"line":76,"column":31}},"loc":{"start":{"line":76,"column":41},"end":{"line":98,"column":9}},"line":76},"5":{"name":"(anonymous_5)","decl":{"start":{"line":77,"column":87},"end":{"line":77,"column":88}},"loc":{"start":{"line":77,"column":96},"end":{"line":95,"column":13}},"line":77},"6":{"name":"(anonymous_6)","decl":{"start":{"line":79,"column":31},"end":{"line":79,"column":32}},"loc":{"start":{"line":79,"column":40},"end":{"line":79,"column":53}},"line":79},"7":{"name":"(anonymous_7)","decl":{"start":{"line":80,"column":30},"end":{"line":80,"column":31}},"loc":{"start":{"line":80,"column":36},"end":{"line":94,"column":17}},"line":80},"8":{"name":"(anonymous_8)","decl":{"start":{"line":96,"column":28},"end":{"line":96,"column":29}},"loc":{"start":{"line":96,"column":34},"end":{"line":96,"column":47}},"line":96},"9":{"name":"(anonymous_9)","decl":{"start":{"line":97,"column":30},"end":{"line":97,"column":31}},"loc":{"start":{"line":97,"column":36},"end":{"line":97,"column":69}},"line":97},"10":{"name":"(anonymous_10)","decl":{"start":{"line":105,"column":30},"end":{"line":105,"column":31}},"loc":{"start":{"line":105,"column":41},"end":{"line":127,"column":9}},"line":105},"11":{"name":"(anonymous_11)","decl":{"start":{"line":106,"column":86},"end":{"line":106,"column":87}},"loc":{"start":{"line":106,"column":95},"end":{"line":124,"column":13}},"line":106},"12":{"name":"(anonymous_12)","decl":{"start":{"line":108,"column":31},"end":{"line":108,"column":32}},"loc":{"start":{"line":108,"column":40},"end":{"line":108,"column":53}},"line":108},"13":{"name":"(anonymous_13)","decl":{"start":{"line":109,"column":30},"end":{"line":109,"column":31}},"loc":{"start":{"line":109,"column":36},"end":{"line":123,"column":17}},"line":109},"14":{"name":"(anonymous_14)","decl":{"start":{"line":125,"column":28},"end":{"line":125,"column":29}},"loc":{"start":{"line":125,"column":34},"end":{"line":125,"column":47}},"line":125},"15":{"name":"(anonymous_15)","decl":{"start":{"line":126,"column":30},"end":{"line":126,"column":31}},"loc":{"start":{"line":126,"column":36},"end":{"line":126,"column":69}},"line":126},"16":{"name":"(anonymous_16)","decl":{"start":{"line":132,"column":31},"end":{"line":132,"column":32}},"loc":{"start":{"line":132,"column":36},"end":{"line":132,"column":46}},"line":132},"17":{"name":"connectToTv","decl":{"start":{"line":146,"column":9},"end":{"line":146,"column":20}},"loc":{"start":{"line":146,"column":36},"end":{"line":163,"column":1}},"line":146},"18":{"name":"sendKey","decl":{"start":{"line":165,"column":9},"end":{"line":165,"column":16}},"loc":{"start":{"line":165,"column":22},"end":{"line":171,"column":1}},"line":165},"19":{"name":"sendText","decl":{"start":{"line":173,"column":9},"end":{"line":173,"column":17}},"loc":{"start":{"line":173,"column":24},"end":{"line":179,"column":1}},"line":173},"20":{"name":"sendMouseMove","decl":{"start":{"line":181,"column":9},"end":{"line":181,"column":22}},"loc":{"start":{"line":181,"column":31},"end":{"line":184,"column":1}},"line":181},"21":{"name":"sendMouseClick","decl":{"start":{"line":186,"column":9},"end":{"line":186,"column":23}},"loc":{"start":{"line":186,"column":26},"end":{"line":189,"column":1}},"line":186},"22":{"name":"scanAndConnect","decl":{"start":{"line":191,"column":15},"end":{"line":191,"column":29}},"loc":{"start":{"line":191,"column":32},"end":{"line":202,"column":1}},"line":191},"23":{"name":"(anonymous_23)","decl":{"start":{"line":204,"column":20},"end":{"line":204,"column":21}},"loc":{"start":{"line":204,"column":32},"end":{"line":229,"column":1}},"line":204},"24":{"name":"(anonymous_24)","decl":{"start":{"line":220,"column":26},"end":{"line":220,"column":27}},"loc":{"start":{"line":220,"column":35},"end":{"line":220,"column":47}},"line":220},"25":{"name":"(anonymous_25)","decl":{"start":{"line":221,"column":27},"end":{"line":221,"column":28}},"loc":{"start":{"line":221,"column":37},"end":{"line":221,"column":51}},"line":221},"26":{"name":"(anonymous_26)","decl":{"start":{"line":222,"column":28},"end":{"line":222,"column":29}},"loc":{"start":{"line":222,"column":38},"end":{"line":222,"column":69}},"line":222},"27":{"name":"(anonymous_27)","decl":{"start":{"line":223,"column":29},"end":{"line":223,"column":30}},"loc":{"start":{"line":223,"column":35},"end":{"line":223,"column":51}},"line":223},"28":{"name":"(anonymous_28)","decl":{"start":{"line":224,"column":28},"end":{"line":224,"column":29}},"loc":{"start":{"line":224,"column":40},"end":{"line":228,"column":5}},"line":224},"29":{"name":"startServer","decl":{"start":{"line":231,"column":15},"end":{"line":231,"column":26}},"loc":{"start":{"line":231,"column":29},"end":{"line":243,"column":1}},"line":231},"30":{"name":"(anonymous_30)","decl":{"start":{"line":238,"column":81},"end":{"line":238,"column":82}},"loc":{"start":{"line":238,"column":95},"end":{"line":241,"column":5}},"line":238}},"branchMap":{"0":{"loc":{"start":{"line":25,"column":4},"end":{"line":34,"column":5}},"type":"if","locations":[{"start":{"line":25,"column":4},"end":{"line":34,"column":5}},{"start":{},"end":{}}],"line":25},"1":{"loc":{"start":{"line":29,"column":84},"end":{"line":29,"column":109}},"type":"binary-expr","locations":[{"start":{"line":29,"column":84},"end":{"line":29,"column":96}},{"start":{"line":29,"column":100},"end":{"line":29,"column":109}}],"line":29},"2":{"loc":{"start":{"line":44,"column":18},"end":{"line":44,"column":43}},"type":"binary-expr","locations":[{"start":{"line":44,"column":18},"end":{"line":44,"column":30}},{"start":{"line":44,"column":34},"end":{"line":44,"column":43}}],"line":44},"3":{"loc":{"start":{"line":46,"column":4},"end":{"line":52,"column":5}},"type":"if","locations":[{"start":{"line":46,"column":4},"end":{"line":52,"column":5}},{"start":{"line":49,"column":11},"end":{"line":52,"column":5}}],"line":46},"4":{"loc":{"start":{"line":65,"column":4},"end":{"line":68,"column":5}},"type":"if","locations":[{"start":{"line":65,"column":4},"end":{"line":68,"column":5}},{"start":{},"end":{}}],"line":65},"5":{"loc":{"start":{"line":83,"column":24},"end":{"line":92,"column":25}},"type":"if","locations":[{"start":{"line":83,"column":24},"end":{"line":92,"column":25}},{"start":{"line":90,"column":31},"end":{"line":92,"column":25}}],"line":83},"6":{"loc":{"start":{"line":83,"column":28},"end":{"line":83,"column":89}},"type":"binary-expr","locations":[{"start":{"line":83,"column":28},"end":{"line":83,"column":32}},{"start":{"line":83,"column":36},"end":{"line":83,"column":47}},{"start":{"line":83,"column":51},"end":{"line":83,"column":89}}],"line":83},"7":{"loc":{"start":{"line":86,"column":37},"end":{"line":86,"column":75}},"type":"binary-expr","locations":[{"start":{"line":86,"column":37},"end":{"line":86,"column":56}},{"start":{"line":86,"column":60},"end":{"line":86,"column":75}}],"line":86},"8":{"loc":{"start":{"line":112,"column":24},"end":{"line":121,"column":25}},"type":"if","locations":[{"start":{"line":112,"column":24},"end":{"line":121,"column":25}},{"start":{"line":119,"column":31},"end":{"line":121,"column":25}}],"line":112},"9":{"loc":{"start":{"line":112,"column":28},"end":{"line":112,"column":95}},"type":"binary-expr","locations":[{"start":{"line":112,"column":28},"end":{"line":112,"column":32}},{"start":{"line":112,"column":37},"end":{"line":112,"column":53}},{"start":{"line":112,"column":57},"end":{"line":112,"column":67}},{"start":{"line":112,"column":71},"end":{"line":112,"column":94}}],"line":112},"10":{"loc":{"start":{"line":115,"column":37},"end":{"line":115,"column":53}},"type":"binary-expr","locations":[{"start":{"line":115,"column":37},"end":{"line":115,"column":45}},{"start":{"line":115,"column":49},"end":{"line":115,"column":53}}],"line":115},"11":{"loc":{"start":{"line":116,"column":38},"end":{"line":116,"column":62}},"type":"binary-expr","locations":[{"start":{"line":116,"column":38},"end":{"line":116,"column":47}},{"start":{"line":116,"column":51},"end":{"line":116,"column":62}}],"line":116},"12":{"loc":{"start":{"line":134,"column":4},"end":{"line":142,"column":5}},"type":"if","locations":[{"start":{"line":134,"column":4},"end":{"line":142,"column":5}},{"start":{"line":139,"column":11},"end":{"line":142,"column":5}}],"line":134},"13":{"loc":{"start":{"line":146,"column":21},"end":{"line":146,"column":34}},"type":"default-arg","locations":[{"start":{"line":146,"column":30},"end":{"line":146,"column":34}}],"line":146},"14":{"loc":{"start":{"line":147,"column":21},"end":{"line":147,"column":45}},"type":"binary-expr","locations":[{"start":{"line":147,"column":21},"end":{"line":147,"column":27}},{"start":{"line":147,"column":31},"end":{"line":147,"column":45}}],"line":147},"15":{"loc":{"start":{"line":149,"column":4},"end":{"line":152,"column":5}},"type":"if","locations":[{"start":{"line":149,"column":4},"end":{"line":152,"column":5}},{"start":{},"end":{}}],"line":149},"16":{"loc":{"start":{"line":149,"column":8},"end":{"line":149,"column":33}},"type":"binary-expr","locations":[{"start":{"line":149,"column":8},"end":{"line":149,"column":17}},{"start":{"line":149,"column":21},"end":{"line":149,"column":33}}],"line":149},"17":{"loc":{"start":{"line":158,"column":4},"end":{"line":162,"column":5}},"type":"if","locations":[{"start":{"line":158,"column":4},"end":{"line":162,"column":5}},{"start":{"line":160,"column":11},"end":{"line":162,"column":5}}],"line":158},"18":{"loc":{"start":{"line":166,"column":4},"end":{"line":169,"column":5}},"type":"if","locations":[{"start":{"line":166,"column":4},"end":{"line":169,"column":5}},{"start":{},"end":{}}],"line":166},"19":{"loc":{"start":{"line":174,"column":4},"end":{"line":177,"column":5}},"type":"if","locations":[{"start":{"line":174,"column":4},"end":{"line":177,"column":5}},{"start":{},"end":{}}],"line":174},"20":{"loc":{"start":{"line":182,"column":4},"end":{"line":182,"column":27}},"type":"if","locations":[{"start":{"line":182,"column":4},"end":{"line":182,"column":27}},{"start":{},"end":{}}],"line":182},"21":{"loc":{"start":{"line":187,"column":4},"end":{"line":187,"column":27}},"type":"if","locations":[{"start":{"line":187,"column":4},"end":{"line":187,"column":27}},{"start":{},"end":{}}],"line":187},"22":{"loc":{"start":{"line":194,"column":4},"end":{"line":201,"column":5}},"type":"if","locations":[{"start":{"line":194,"column":4},"end":{"line":201,"column":5}},{"start":{"line":196,"column":11},"end":{"line":201,"column":5}}],"line":194},"23":{"loc":{"start":{"line":198,"column":8},"end":{"line":200,"column":9}},"type":"if","locations":[{"start":{"line":198,"column":8},"end":{"line":200,"column":9}},{"start":{},"end":{}}],"line":198},"24":{"loc":{"start":{"line":210,"column":4},"end":{"line":218,"column":5}},"type":"if","locations":[{"start":{"line":210,"column":4},"end":{"line":218,"column":5}},{"start":{"line":216,"column":11},"end":{"line":218,"column":5}}],"line":210},"25":{"loc":{"start":{"line":211,"column":8},"end":{"line":215,"column":9}},"type":"if","locations":[{"start":{"line":211,"column":8},"end":{"line":215,"column":9}},{"start":{"line":213,"column":15},"end":{"line":215,"column":9}}],"line":211},"26":{"loc":{"start":{"line":211,"column":12},"end":{"line":211,"column":44}},"type":"binary-expr","locations":[{"start":{"line":211,"column":12},"end":{"line":211,"column":19}},{"start":{"line":211,"column":23},"end":{"line":211,"column":44}}],"line":211},"27":{"loc":{"start":{"line":227,"column":8},"end":{"line":227,"column":38}},"type":"if","locations":[{"start":{"line":227,"column":8},"end":{"line":227,"column":38}},{"start":{},"end":{}}],"line":227}},"s":{"0":0,"1":0,"2":0,"3":0,"4":0,"5":0,"6":0,"7":0,"8":0,"9":0,"10":0,"11":0,"12":0,"13":0,"14":0,"15":0,"16":0,"17":0,"18":0,"19":0,"20":0,"21":0,"22":0,"23":0,"24":0,"25":0,"26":0,"27":0,"28":0,"29":0,"30":0,"31":0,"32":0,"33":0,"34":0,"35":0,"36":0,"37":0,"38":0,"39":0,"40":0,"41":0,"42":0,"43":0,"44":0,"45":0,"46":0,"47":0,"48":0,"49":0,"50":0,"51":0,"52":0,"53":0,"54":0,"55":0,"56":0,"57":0,"58":0,"59":0,"60":0,"61":0,"62":0,"63":0,"64":0,"65":0,"66":0,"67":0,"68":0,"69":0,"70":0,"71":0,"72":0,"73":0,"74":0,"75":0,"76":0,"77":0,"78":0,"79":0,"80":0,"81":0,"82":0,"83":0,"84":0,"85":0,"86":0,"87":0,"88":0,"89":0,"90":0,"91":0,"92":0,"93":0,"94":0,"95":0,"96":0,"97":0,"98":0,"99":0,"100":0,"101":0,"102":0,"103":0,"104":0,"105":0,"106":0,"107":0,"108":0,"109":0,"110":0,"111":0,"112":0,"113":0,"114":0,"115":0,"116":0,"117":0,"118":0,"119":0,"120":0,"121":0,"122":0,"123":0,"124":0,"125":0,"126":0,"127":0,"128":0,"129":0,"130":0,"131":0,"132":0,"133":0,"134":0,"135":0,"136":0,"137":0,"138":0,"139":0,"140":0,"141":0,"142":0,"143":0,"144":0,"145":0,"146":0,"147":0,"148":0,"149":0,"150":0,"151":0,"152":0},"f":{"0":0,"1":0,"2":0,"3":0,"4":0,"5":0,"6":0,"7":0,"8":0,"9":0,"10":0,"11":0,"12":0,"13":0,"14":0,"15":0,"16":0,"17":0,"18":0,"19":0,"20":0,"21":0,"22":0,"23":0,"24":0,"25":0,"26":0,"27":0,"28":0,"29":0,"30":0},"b":{"0":[0,0],"1":[0,0],"2":[0,0],"3":[0,0],"4":[0,0],"5":[0,0],"6":[0,0,0],"7":[0,0],"8":[0,0],"9":[0,0,0,0],"10":[0,0],"11":[0,0],"12":[0,0],"13":[0],"14":[0,0],"15":[0,0],"16":[0,0],"17":[0,0],"18":[0,0],"19":[0,0],"20":[0,0],"21":[0,0],"22":[0,0],"23":[0,0],"24":[0,0],"25":[0,0],"26":[0,0],"27":[0,0]}}
,"/home/faker/Github/Tizen-QR-main/server/samsung-adapter.js": {"path":"/home/faker/Github/Tizen-QR-main/server/samsung-adapter.js","statementMap":{"0":{"start":{"line":1,"column":18},"end":{"line":1,"column":31}},"1":{"start":{"line":2,"column":12},"end":{"line":2,"column":34}},"2":{"start":{"line":3,"column":11},"end":{"line":3,"column":24}},"3":{"start":{"line":4,"column":13},"end":{"line":4,"column":28}},"4":{"start":{"line":6,"column":19},"end":{"line":6,"column":55}},"5":{"start":{"line":7,"column":20},"end":{"line":7,"column":39}},"6":{"start":{"line":8,"column":17},"end":{"line":8,"column":36}},"7":{"start":{"line":12,"column":8},"end":{"line":12,"column":21}},"8":{"start":{"line":13,"column":8},"end":{"line":13,"column":25}},"9":{"start":{"line":14,"column":8},"end":{"line":14,"column":32}},"10":{"start":{"line":15,"column":8},"end":{"line":15,"column":68}},"11":{"start":{"line":19,"column":8},"end":{"line":19,"column":31}},"12":{"start":{"line":23,"column":8},"end":{"line":23,"column":29}},"13":{"start":{"line":27,"column":8},"end":{"line":27,"column":89}},"14":{"start":{"line":27,"column":39},"end":{"line":27,"column":89}},"15":{"start":{"line":28,"column":8},"end":{"line":28,"column":18}},"16":{"start":{"line":32,"column":8},"end":{"line":35,"column":9}},"17":{"start":{"line":33,"column":12},"end":{"line":33,"column":46}},"18":{"start":{"line":34,"column":12},"end":{"line":34,"column":19}},"19":{"start":{"line":37,"column":8},"end":{"line":37,"column":73}},"20":{"start":{"line":37,"column":66},"end":{"line":37,"column":73}},"21":{"start":{"line":39,"column":8},"end":{"line":39,"column":32}},"22":{"start":{"line":40,"column":22},"end":{"line":40,"column":42}},"23":{"start":{"line":41,"column":28},"end":{"line":41,"column":71}},"24":{"start":{"line":43,"column":25},"end":{"line":43,"column":53}},"25":{"start":{"line":44,"column":22},"end":{"line":44,"column":172}},"26":{"start":{"line":46,"column":8},"end":{"line":46,"column":93}},"27":{"start":{"line":47,"column":8},"end":{"line":47,"column":79}},"28":{"start":{"line":49,"column":8},"end":{"line":52,"column":11}},"29":{"start":{"line":54,"column":8},"end":{"line":57,"column":11}},"30":{"start":{"line":55,"column":12},"end":{"line":55,"column":72}},"31":{"start":{"line":56,"column":12},"end":{"line":56,"column":76}},"32":{"start":{"line":59,"column":8},"end":{"line":68,"column":11}},"33":{"start":{"line":60,"column":24},"end":{"line":60,"column":51}},"34":{"start":{"line":61,"column":12},"end":{"line":67,"column":13}},"35":{"start":{"line":62,"column":33},"end":{"line":62,"column":47}},"36":{"start":{"line":63,"column":16},"end":{"line":66,"column":17}},"37":{"start":{"line":64,"column":20},"end":{"line":64,"column":73}},"38":{"start":{"line":65,"column":20},"end":{"line":65,"column":59}},"39":{"start":{"line":70,"column":8},"end":{"line":73,"column":11}},"40":{"start":{"line":71,"column":12},"end":{"line":71,"column":76}},"41":{"start":{"line":72,"column":12},"end":{"line":72,"column":58}},"42":{"start":{"line":75,"column":8},"end":{"line":83,"column":11}},"43":{"start":{"line":76,"column":12},"end":{"line":76,"column":86}},"44":{"start":{"line":77,"column":12},"end":{"line":82,"column":13}},"45":{"start":{"line":78,"column":16},"end":{"line":78,"column":64}},"46":{"start":{"line":79,"column":16},"end":{"line":79,"column":59}},"47":{"start":{"line":79,"column":33},"end":{"line":79,"column":51}},"48":{"start":{"line":81,"column":16},"end":{"line":81,"column":67}},"49":{"start":{"line":85,"column":8},"end":{"line":85,"column":25}},"50":{"start":{"line":89,"column":8},"end":{"line":89,"column":72}},"51":{"start":{"line":93,"column":8},"end":{"line":98,"column":9}},"52":{"start":{"line":94,"column":12},"end":{"line":94,"column":95}},"53":{"start":{"line":95,"column":12},"end":{"line":97,"column":15}},"54":{"start":{"line":96,"column":16},"end":{"line":96,"column":87}},"55":{"start":{"line":96,"column":26},"end":{"line":96,"column":87}},"56":{"start":{"line":100,"column":8},"end":{"line":114,"column":9}},"57":{"start":{"line":101,"column":12},"end":{"line":101,"column":77}},"58":{"start":{"line":102,"column":12},"end":{"line":104,"column":13}},"59":{"start":{"line":103,"column":16},"end":{"line":103,"column":47}},"60":{"start":{"line":106,"column":12},"end":{"line":112,"column":21}},"61":{"start":{"line":107,"column":16},"end":{"line":111,"column":17}},"62":{"start":{"line":108,"column":20},"end":{"line":108,"column":40}},"63":{"start":{"line":110,"column":20},"end":{"line":110,"column":92}},"64":{"start":{"line":113,"column":12},"end":{"line":113,"column":19}},"65":{"start":{"line":116,"column":8},"end":{"line":116,"column":28}},"66":{"start":{"line":120,"column":24},"end":{"line":128,"column":9}},"67":{"start":{"line":129,"column":8},"end":{"line":129,"column":40}},"68":{"start":{"line":130,"column":8},"end":{"line":130,"column":48}},"69":{"start":{"line":134,"column":8},"end":{"line":137,"column":9}},"70":{"start":{"line":135,"column":12},"end":{"line":135,"column":64}},"71":{"start":{"line":136,"column":12},"end":{"line":136,"column":19}},"72":{"start":{"line":139,"column":8},"end":{"line":139,"column":49}},"73":{"start":{"line":141,"column":28},"end":{"line":141,"column":64}},"74":{"start":{"line":142,"column":24},"end":{"line":149,"column":9}},"75":{"start":{"line":150,"column":8},"end":{"line":150,"column":48}},"76":{"start":{"line":154,"column":8},"end":{"line":154,"column":40}},"77":{"start":{"line":154,"column":33},"end":{"line":154,"column":40}},"78":{"start":{"line":156,"column":24},"end":{"line":167,"column":9}},"79":{"start":{"line":168,"column":8},"end":{"line":168,"column":48}},"80":{"start":{"line":172,"column":8},"end":{"line":172,"column":40}},"81":{"start":{"line":172,"column":33},"end":{"line":172,"column":40}},"82":{"start":{"line":174,"column":24},"end":{"line":180,"column":9}},"83":{"start":{"line":181,"column":8},"end":{"line":181,"column":40}},"84":{"start":{"line":182,"column":8},"end":{"line":182,"column":48}},"85":{"start":{"line":186,"column":8},"end":{"line":186,"column":25}},"86":{"start":{"line":190,"column":0},"end":{"line":190,"column":32}}},"fnMap":{"0":{"name":"(anonymous_0)","decl":{"start":{"line":11,"column":4},"end":{"line":11,"column":5}},"loc":{"start":{"line":11,"column":20},"end":{"line":16,"column":5}},"line":11},"1":{"name":"(anonymous_1)","decl":{"start":{"line":18,"column":4},"end":{"line":18,"column":5}},"loc":{"start":{"line":18,"column":22},"end":{"line":20,"column":5}},"line":18},"2":{"name":"(anonymous_2)","decl":{"start":{"line":22,"column":4},"end":{"line":22,"column":5}},"loc":{"start":{"line":22,"column":16},"end":{"line":24,"column":5}},"line":22},"3":{"name":"(anonymous_3)","decl":{"start":{"line":26,"column":4},"end":{"line":26,"column":5}},"loc":{"start":{"line":26,"column":20},"end":{"line":29,"column":5}},"line":26},"4":{"name":"(anonymous_4)","decl":{"start":{"line":31,"column":4},"end":{"line":31,"column":5}},"loc":{"start":{"line":31,"column":25},"end":{"line":86,"column":5}},"line":31},"5":{"name":"(anonymous_5)","decl":{"start":{"line":54,"column":29},"end":{"line":54,"column":30}},"loc":{"start":{"line":54,"column":35},"end":{"line":57,"column":9}},"line":54},"6":{"name":"(anonymous_6)","decl":{"start":{"line":59,"column":32},"end":{"line":59,"column":33}},"loc":{"start":{"line":59,"column":42},"end":{"line":68,"column":9}},"line":59},"7":{"name":"(anonymous_7)","decl":{"start":{"line":70,"column":30},"end":{"line":70,"column":31}},"loc":{"start":{"line":70,"column":36},"end":{"line":73,"column":9}},"line":70},"8":{"name":"(anonymous_8)","decl":{"start":{"line":75,"column":30},"end":{"line":75,"column":31}},"loc":{"start":{"line":75,"column":39},"end":{"line":83,"column":9}},"line":75},"9":{"name":"(anonymous_9)","decl":{"start":{"line":79,"column":27},"end":{"line":79,"column":28}},"loc":{"start":{"line":79,"column":33},"end":{"line":79,"column":51}},"line":79},"10":{"name":"(anonymous_10)","decl":{"start":{"line":88,"column":4},"end":{"line":88,"column":5}},"loc":{"start":{"line":88,"column":18},"end":{"line":90,"column":5}},"line":88},"11":{"name":"(anonymous_11)","decl":{"start":{"line":92,"column":4},"end":{"line":92,"column":5}},"loc":{"start":{"line":92,"column":17},"end":{"line":117,"column":5}},"line":92},"12":{"name":"(anonymous_12)","decl":{"start":{"line":95,"column":40},"end":{"line":95,"column":41}},"loc":{"start":{"line":95,"column":49},"end":{"line":97,"column":13}},"line":95},"13":{"name":"(anonymous_13)","decl":{"start":{"line":106,"column":23},"end":{"line":106,"column":24}},"loc":{"start":{"line":106,"column":29},"end":{"line":112,"column":13}},"line":106},"14":{"name":"(anonymous_14)","decl":{"start":{"line":119,"column":4},"end":{"line":119,"column":5}},"loc":{"start":{"line":119,"column":19},"end":{"line":131,"column":5}},"line":119},"15":{"name":"(anonymous_15)","decl":{"start":{"line":133,"column":4},"end":{"line":133,"column":5}},"loc":{"start":{"line":133,"column":19},"end":{"line":151,"column":5}},"line":133},"16":{"name":"(anonymous_16)","decl":{"start":{"line":153,"column":4},"end":{"line":153,"column":5}},"loc":{"start":{"line":153,"column":26},"end":{"line":169,"column":5}},"line":153},"17":{"name":"(anonymous_17)","decl":{"start":{"line":171,"column":4},"end":{"line":171,"column":5}},"loc":{"start":{"line":171,"column":21},"end":{"line":183,"column":5}},"line":171},"18":{"name":"(anonymous_18)","decl":{"start":{"line":185,"column":4},"end":{"line":185,"column":5}},"loc":{"start":{"line":185,"column":15},"end":{"line":187,"column":5}},"line":185}},"branchMap":{"0":{"loc":{"start":{"line":27,"column":8},"end":{"line":27,"column":89}},"type":"if","locations":[{"start":{"line":27,"column":8},"end":{"line":27,"column":89}},{"start":{},"end":{}}],"line":27},"1":{"loc":{"start":{"line":31,"column":12},"end":{"line":31,"column":23}},"type":"default-arg","locations":[{"start":{"line":31,"column":19},"end":{"line":31,"column":23}}],"line":31},"2":{"loc":{"start":{"line":32,"column":8},"end":{"line":35,"column":9}},"type":"if","locations":[{"start":{"line":32,"column":8},"end":{"line":35,"column":9}},{"start":{},"end":{}}],"line":32},"3":{"loc":{"start":{"line":37,"column":8},"end":{"line":37,"column":73}},"type":"if","locations":[{"start":{"line":37,"column":8},"end":{"line":37,"column":73}},{"start":{},"end":{}}],"line":37},"4":{"loc":{"start":{"line":37,"column":12},"end":{"line":37,"column":64}},"type":"binary-expr","locations":[{"start":{"line":37,"column":12},"end":{"line":37,"column":21}},{"start":{"line":37,"column":25},"end":{"line":37,"column":64}}],"line":37},"5":{"loc":{"start":{"line":43,"column":25},"end":{"line":43,"column":53}},"type":"cond-expr","locations":[{"start":{"line":43,"column":41},"end":{"line":43,"column":46}},{"start":{"line":43,"column":49},"end":{"line":43,"column":53}}],"line":43},"6":{"loc":{"start":{"line":44,"column":125},"end":{"line":44,"column":155}},"type":"cond-expr","locations":[{"start":{"line":44,"column":133},"end":{"line":44,"column":150}},{"start":{"line":44,"column":153},"end":{"line":44,"column":155}}],"line":44},"7":{"loc":{"start":{"line":61,"column":12},"end":{"line":67,"column":13}},"type":"if","locations":[{"start":{"line":61,"column":12},"end":{"line":67,"column":13}},{"start":{},"end":{}}],"line":61},"8":{"loc":{"start":{"line":63,"column":16},"end":{"line":66,"column":17}},"type":"if","locations":[{"start":{"line":63,"column":16},"end":{"line":66,"column":17}},{"start":{},"end":{}}],"line":63},"9":{"loc":{"start":{"line":63,"column":20},"end":{"line":63,"column":65}},"type":"binary-expr","locations":[{"start":{"line":63,"column":20},"end":{"line":63,"column":28}},{"start":{"line":63,"column":32},"end":{"line":63,"column":65}}],"line":63},"10":{"loc":{"start":{"line":77,"column":12},"end":{"line":82,"column":13}},"type":"if","locations":[{"start":{"line":77,"column":12},"end":{"line":82,"column":13}},{"start":{"line":80,"column":19},"end":{"line":82,"column":13}}],"line":77},"11":{"loc":{"start":{"line":77,"column":16},"end":{"line":77,"column":69}},"type":"binary-expr","locations":[{"start":{"line":77,"column":16},"end":{"line":77,"column":29}},{"start":{"line":77,"column":33},"end":{"line":77,"column":69}}],"line":77},"12":{"loc":{"start":{"line":89,"column":18},"end":{"line":89,"column":70}},"type":"binary-expr","locations":[{"start":{"line":89,"column":18},"end":{"line":89,"column":27}},{"start":{"line":89,"column":31},"end":{"line":89,"column":70}}],"line":89},"13":{"loc":{"start":{"line":93,"column":8},"end":{"line":98,"column":9}},"type":"if","locations":[{"start":{"line":93,"column":8},"end":{"line":98,"column":9}},{"start":{},"end":{}}],"line":93},"14":{"loc":{"start":{"line":93,"column":12},"end":{"line":93,"column":52}},"type":"binary-expr","locations":[{"start":{"line":93,"column":12},"end":{"line":93,"column":31}},{"start":{"line":93,"column":35},"end":{"line":93,"column":52}}],"line":93},"15":{"loc":{"start":{"line":96,"column":16},"end":{"line":96,"column":87}},"type":"if","locations":[{"start":{"line":96,"column":16},"end":{"line":96,"column":87}},{"start":{},"end":{}}],"line":96},"16":{"loc":{"start":{"line":100,"column":8},"end":{"line":114,"column":9}},"type":"if","locations":[{"start":{"line":100,"column":8},"end":{"line":114,"column":9}},{"start":{},"end":{}}],"line":100},"17":{"loc":{"start":{"line":102,"column":12},"end":{"line":104,"column":13}},"type":"if","locations":[{"start":{"line":102,"column":12},"end":{"line":104,"column":13}},{"start":{},"end":{}}],"line":102},"18":{"loc":{"start":{"line":107,"column":16},"end":{"line":111,"column":17}},"type":"if","locations":[{"start":{"line":107,"column":16},"end":{"line":111,"column":17}},{"start":{"line":109,"column":23},"end":{"line":111,"column":17}}],"line":107},"19":{"loc":{"start":{"line":134,"column":8},"end":{"line":137,"column":9}},"type":"if","locations":[{"start":{"line":134,"column":8},"end":{"line":137,"column":9}},{"start":{},"end":{}}],"line":134},"20":{"loc":{"start":{"line":154,"column":8},"end":{"line":154,"column":40}},"type":"if","locations":[{"start":{"line":154,"column":8},"end":{"line":154,"column":40}},{"start":{},"end":{}}],"line":154},"21":{"loc":{"start":{"line":172,"column":8},"end":{"line":172,"column":40}},"type":"if","locations":[{"start":{"line":172,"column":8},"end":{"line":172,"column":40}},{"start":{},"end":{}}],"line":172}},"s":{"0":2,"1":2,"2":2,"3":2,"4":2,"5":2,"6":2,"7":21,"8":21,"9":21,"10":21,"11":8,"12":1,"13":0,"14":0,"15":0,"16":0,"17":0,"18":0,"19":0,"20":0,"21":0,"22":0,"23":0,"24":0,"25":0,"26":0,"27":0,"28":0,"29":0,"30":0,"31":0,"32":0,"33":0,"34":0,"35":0,"36":0,"37":0,"38":0,"39":0,"40":0,"41":0,"42":0,"43":0,"44":0,"45":0,"46":0,"47":0,"48":0,"49":0,"50":14,"51":4,"52":1,"53":1,"54":1,"55":1,"56":4,"57":1,"58":1,"59":1,"60":1,"61":0,"62":0,"63":0,"64":1,"65":3,"66":3,"67":3,"68":3,"69":3,"70":1,"71":1,"72":2,"73":2,"74":2,"75":2,"76":2,"77":1,"78":1,"79":1,"80":2,"81":1,"82":1,"83":1,"84":1,"85":2,"86":2},"f":{"0":21,"1":8,"2":1,"3":0,"4":0,"5":0,"6":0,"7":0,"8":0,"9":0,"10":14,"11":4,"12":1,"13":0,"14":3,"15":3,"16":2,"17":2,"18":2},"b":{"0":[0,0],"1":[0],"2":[0,0],"3":[0,0],"4":[0,0],"5":[0,0],"6":[0,0],"7":[0,0],"8":[0,0],"9":[0,0],"10":[0,0],"11":[0,0],"12":[14,9],"13":[1,3],"14":[4,2],"15":[1,0],"16":[1,3],"17":[1,0],"18":[0,0],"19":[1,2],"20":[1,1],"21":[1,1]},"_coverageSchema":"1a1c01bbd47fc00a2c39e90264f33305004495a9","hash":"de71724bd62286aaa5ed2624e71b37aaee65865c"}
,"/home/faker/Github/Tizen-QR-main/server/scan-detail.js": {"path":"/home/faker/Github/Tizen-QR-main/server/scan-detail.js","statementMap":{"0":{"start":{"line":1,"column":13},"end":{"line":1,"column":28}},"1":{"start":{"line":2,"column":0},"end":{"line":6,"column":3}},"2":{"start":{"line":3,"column":15},"end":{"line":3,"column":17}},"3":{"start":{"line":4,"column":4},"end":{"line":4,"column":43}},"4":{"start":{"line":4,"column":28},"end":{"line":4,"column":41}},"5":{"start":{"line":5,"column":4},"end":{"line":5,"column":43}},"6":{"start":{"line":5,"column":24},"end":{"line":5,"column":41}}},"fnMap":{"0":{"name":"(anonymous_0)","decl":{"start":{"line":2,"column":44},"end":{"line":2,"column":45}},"loc":{"start":{"line":2,"column":53},"end":{"line":6,"column":1}},"line":2},"1":{"name":"(anonymous_1)","decl":{"start":{"line":4,"column":19},"end":{"line":4,"column":20}},"loc":{"start":{"line":4,"column":28},"end":{"line":4,"column":41}},"line":4},"2":{"name":"(anonymous_2)","decl":{"start":{"line":5,"column":18},"end":{"line":5,"column":19}},"loc":{"start":{"line":5,"column":24},"end":{"line":5,"column":41}},"line":5}},"branchMap":{},"s":{"0":0,"1":0,"2":0,"3":0,"4":0,"5":0,"6":0},"f":{"0":0,"1":0,"2":0},"b":{}}
,"/home/faker/Github/Tizen-QR-main/server/scan.js": {"path":"/home/faker/Github/Tizen-QR-main/server/scan.js","statementMap":{"0":{"start":{"line":1,"column":13},"end":{"line":1,"column":28}},"1":{"start":{"line":2,"column":25},"end":{"line":2,"column":47}},"2":{"start":{"line":5,"column":13},"end":{"line":5,"column":33}},"3":{"start":{"line":6,"column":2},"end":{"line":9,"column":3}},"4":{"start":{"line":7,"column":4},"end":{"line":7,"column":40}},"5":{"start":{"line":8,"column":4},"end":{"line":8,"column":11}},"6":{"start":{"line":11,"column":17},"end":{"line":11,"column":52}},"7":{"start":{"line":12,"column":2},"end":{"line":12,"column":49}},"8":{"start":{"line":14,"column":19},"end":{"line":14,"column":21}},"9":{"start":{"line":16,"column":2},"end":{"line":37,"column":3}},"10":{"start":{"line":16,"column":15},"end":{"line":16,"column":16}},"11":{"start":{"line":17,"column":21},"end":{"line":17,"column":37}},"12":{"start":{"line":18,"column":14},"end":{"line":35,"column":6}},"13":{"start":{"line":19,"column":20},"end":{"line":32,"column":10}},"14":{"start":{"line":20,"column":23},"end":{"line":20,"column":25}},"15":{"start":{"line":21,"column":12},"end":{"line":21,"column":51}},"16":{"start":{"line":21,"column":36},"end":{"line":21,"column":49}},"17":{"start":{"line":22,"column":12},"end":{"line":31,"column":15}},"18":{"start":{"line":23,"column":16},"end":{"line":30,"column":45}},"19":{"start":{"line":24,"column":33},"end":{"line":24,"column":49}},"20":{"start":{"line":25,"column":20},"end":{"line":29,"column":21}},"21":{"start":{"line":26,"column":24},"end":{"line":26,"column":69}},"22":{"start":{"line":28,"column":24},"end":{"line":28,"column":38}},"23":{"start":{"line":30,"column":29},"end":{"line":30,"column":43}},"24":{"start":{"line":33,"column":8},"end":{"line":33,"column":45}},"25":{"start":{"line":33,"column":30},"end":{"line":33,"column":43}},"26":{"start":{"line":34,"column":8},"end":{"line":34,"column":67}},"27":{"start":{"line":34,"column":34},"end":{"line":34,"column":48}},"28":{"start":{"line":34,"column":49},"end":{"line":34,"column":63}},"29":{"start":{"line":36,"column":4},"end":{"line":36,"column":21}},"30":{"start":{"line":39,"column":2},"end":{"line":39,"column":51}},"31":{"start":{"line":40,"column":18},"end":{"line":40,"column":45}},"32":{"start":{"line":41,"column":14},"end":{"line":41,"column":45}},"33":{"start":{"line":41,"column":34},"end":{"line":41,"column":44}},"34":{"start":{"line":43,"column":2},"end":{"line":48,"column":3}},"35":{"start":{"line":44,"column":6},"end":{"line":44,"column":39}},"36":{"start":{"line":45,"column":6},"end":{"line":45,"column":66}},"37":{"start":{"line":45,"column":23},"end":{"line":45,"column":64}},"38":{"start":{"line":47,"column":6},"end":{"line":47,"column":81}},"39":{"start":{"line":51,"column":0},"end":{"line":51,"column":7}}},"fnMap":{"0":{"name":"scan","decl":{"start":{"line":4,"column":15},"end":{"line":4,"column":19}},"loc":{"start":{"line":4,"column":22},"end":{"line":49,"column":1}},"line":4},"1":{"name":"(anonymous_1)","decl":{"start":{"line":18,"column":26},"end":{"line":18,"column":27}},"loc":{"start":{"line":18,"column":37},"end":{"line":35,"column":5}},"line":18},"2":{"name":"(anonymous_2)","decl":{"start":{"line":19,"column":83},"end":{"line":19,"column":84}},"loc":{"start":{"line":19,"column":92},"end":{"line":32,"column":9}},"line":19},"3":{"name":"(anonymous_3)","decl":{"start":{"line":21,"column":27},"end":{"line":21,"column":28}},"loc":{"start":{"line":21,"column":36},"end":{"line":21,"column":49}},"line":21},"4":{"name":"(anonymous_4)","decl":{"start":{"line":22,"column":26},"end":{"line":22,"column":27}},"loc":{"start":{"line":22,"column":32},"end":{"line":31,"column":13}},"line":22},"5":{"name":"(anonymous_5)","decl":{"start":{"line":33,"column":24},"end":{"line":33,"column":25}},"loc":{"start":{"line":33,"column":30},"end":{"line":33,"column":43}},"line":33},"6":{"name":"(anonymous_6)","decl":{"start":{"line":34,"column":26},"end":{"line":34,"column":27}},"loc":{"start":{"line":34,"column":32},"end":{"line":34,"column":65}},"line":34},"7":{"name":"(anonymous_7)","decl":{"start":{"line":41,"column":29},"end":{"line":41,"column":30}},"loc":{"start":{"line":41,"column":34},"end":{"line":41,"column":44}},"line":41},"8":{"name":"(anonymous_8)","decl":{"start":{"line":45,"column":18},"end":{"line":45,"column":19}},"loc":{"start":{"line":45,"column":23},"end":{"line":45,"column":64}},"line":45}},"branchMap":{"0":{"loc":{"start":{"line":6,"column":2},"end":{"line":9,"column":3}},"type":"if","locations":[{"start":{"line":6,"column":2},"end":{"line":9,"column":3}},{"start":{},"end":{}}],"line":6},"1":{"loc":{"start":{"line":25,"column":20},"end":{"line":29,"column":21}},"type":"if","locations":[{"start":{"line":25,"column":20},"end":{"line":29,"column":21}},{"start":{"line":27,"column":27},"end":{"line":29,"column":21}}],"line":25},"2":{"loc":{"start":{"line":25,"column":24},"end":{"line":25,"column":85}},"type":"binary-expr","locations":[{"start":{"line":25,"column":24},"end":{"line":25,"column":28}},{"start":{"line":25,"column":32},"end":{"line":25,"column":43}},{"start":{"line":25,"column":47},"end":{"line":25,"column":85}}],"line":25},"3":{"loc":{"start":{"line":43,"column":2},"end":{"line":48,"column":3}},"type":"if","locations":[{"start":{"line":43,"column":2},"end":{"line":48,"column":3}},{"start":{"line":46,"column":9},"end":{"line":48,"column":3}}],"line":43}},"s":{"0":0,"1":0,"2":0,"3":0,"4":0,"5":0,"6":0,"7":0,"8":0,"9":0,"10":0,"11":0,"12":0,"13":0,"14":0,"15":0,"16":0,"17":0,"18":0,"19":0,"20":0,"21":0,"22":0,"23":0,"24":0,"25":0,"26":0,"27":0,"28":0,"29":0,"30":0,"31":0,"32":0,"33":0,"34":0,"35":0,"36":0,"37":0,"38":0,"39":0},"f":{"0":0,"1":0,"2":0,"3":0,"4":0,"5":0,"6":0,"7":0,"8":0},"b":{"0":[0,0],"1":[0,0],"2":[0,0,0],"3":[0,0]}}
,"/home/faker/Github/Tizen-QR-main/server/xiaomi-adapter.js": {"path":"/home/faker/Github/Tizen-QR-main/server/xiaomi-adapter.js","statementMap":{"0":{"start":{"line":1,"column":18},"end":{"line":1,"column":31}},"1":{"start":{"line":2,"column":13},"end":{"line":2,"column":28}},"2":{"start":{"line":3,"column":12},"end":{"line":3,"column":34}},"3":{"start":{"line":6,"column":18},"end":{"line":75,"column":1}},"4":{"start":{"line":79,"column":8},"end":{"line":79,"column":21}},"5":{"start":{"line":80,"column":8},"end":{"line":80,"column":25}},"6":{"start":{"line":81,"column":8},"end":{"line":81,"column":29}},"7":{"start":{"line":82,"column":8},"end":{"line":82,"column":28}},"8":{"start":{"line":83,"column":8},"end":{"line":83,"column":67}},"9":{"start":{"line":84,"column":8},"end":{"line":84,"column":32}},"10":{"start":{"line":88,"column":8},"end":{"line":88,"column":31}},"11":{"start":{"line":89,"column":8},"end":{"line":91,"column":9}},"12":{"start":{"line":90,"column":12},"end":{"line":90,"column":38}},"13":{"start":{"line":95,"column":8},"end":{"line":95,"column":29}},"14":{"start":{"line":99,"column":8},"end":{"line":102,"column":9}},"15":{"start":{"line":100,"column":12},"end":{"line":100,"column":46}},"16":{"start":{"line":101,"column":12},"end":{"line":101,"column":19}},"17":{"start":{"line":104,"column":8},"end":{"line":104,"column":73}},"18":{"start":{"line":104,"column":66},"end":{"line":104,"column":73}},"19":{"start":{"line":106,"column":8},"end":{"line":106,"column":27}},"20":{"start":{"line":107,"column":22},"end":{"line":107,"column":56}},"21":{"start":{"line":109,"column":8},"end":{"line":109,"column":92}},"22":{"start":{"line":110,"column":8},"end":{"line":110,"column":79}},"23":{"start":{"line":112,"column":8},"end":{"line":152,"column":9}},"24":{"start":{"line":113,"column":12},"end":{"line":119,"column":15}},"25":{"start":{"line":121,"column":12},"end":{"line":124,"column":15}},"26":{"start":{"line":122,"column":16},"end":{"line":122,"column":73}},"27":{"start":{"line":123,"column":16},"end":{"line":123,"column":80}},"28":{"start":{"line":126,"column":12},"end":{"line":138,"column":15}},"29":{"start":{"line":127,"column":16},"end":{"line":137,"column":17}},"30":{"start":{"line":128,"column":32},"end":{"line":128,"column":59}},"31":{"start":{"line":129,"column":20},"end":{"line":129,"column":60}},"32":{"start":{"line":132,"column":20},"end":{"line":134,"column":21}},"33":{"start":{"line":133,"column":24},"end":{"line":133,"column":71}},"34":{"start":{"line":136,"column":20},"end":{"line":136,"column":73}},"35":{"start":{"line":140,"column":12},"end":{"line":143,"column":15}},"36":{"start":{"line":141,"column":16},"end":{"line":141,"column":80}},"37":{"start":{"line":142,"column":16},"end":{"line":142,"column":62}},"38":{"start":{"line":145,"column":12},"end":{"line":148,"column":15}},"39":{"start":{"line":146,"column":16},"end":{"line":146,"column":90}},"40":{"start":{"line":147,"column":16},"end":{"line":147,"column":86}},"41":{"start":{"line":150,"column":12},"end":{"line":150,"column":70}},"42":{"start":{"line":151,"column":12},"end":{"line":151,"column":73}},"43":{"start":{"line":154,"column":8},"end":{"line":154,"column":25}},"44":{"start":{"line":158,"column":8},"end":{"line":158,"column":72}},"45":{"start":{"line":162,"column":24},"end":{"line":162,"column":64}},"46":{"start":{"line":164,"column":8},"end":{"line":169,"column":9}},"47":{"start":{"line":165,"column":12},"end":{"line":165,"column":95}},"48":{"start":{"line":166,"column":12},"end":{"line":168,"column":15}},"49":{"start":{"line":167,"column":16},"end":{"line":167,"column":87}},"50":{"start":{"line":167,"column":26},"end":{"line":167,"column":87}},"51":{"start":{"line":171,"column":8},"end":{"line":185,"column":9}},"52":{"start":{"line":172,"column":12},"end":{"line":172,"column":77}},"53":{"start":{"line":173,"column":12},"end":{"line":175,"column":13}},"54":{"start":{"line":174,"column":16},"end":{"line":174,"column":42}},"55":{"start":{"line":177,"column":12},"end":{"line":183,"column":21}},"56":{"start":{"line":178,"column":16},"end":{"line":182,"column":17}},"57":{"start":{"line":179,"column":20},"end":{"line":179,"column":44}},"58":{"start":{"line":181,"column":20},"end":{"line":181,"column":99}},"59":{"start":{"line":184,"column":12},"end":{"line":184,"column":19}},"60":{"start":{"line":187,"column":8},"end":{"line":187,"column":32}},"61":{"start":{"line":191,"column":24},"end":{"line":195,"column":9}},"62":{"start":{"line":196,"column":8},"end":{"line":196,"column":52}},"63":{"start":{"line":197,"column":8},"end":{"line":197,"column":48}},"64":{"start":{"line":201,"column":8},"end":{"line":204,"column":9}},"65":{"start":{"line":202,"column":12},"end":{"line":202,"column":64}},"66":{"start":{"line":203,"column":12},"end":{"line":203,"column":19}},"67":{"start":{"line":206,"column":8},"end":{"line":206,"column":49}},"68":{"start":{"line":209,"column":24},"end":{"line":213,"column":9}},"69":{"start":{"line":216,"column":8},"end":{"line":216,"column":48}},"70":{"start":{"line":219,"column":8},"end":{"line":222,"column":11}},"71":{"start":{"line":226,"column":8},"end":{"line":226,"column":40}},"72":{"start":{"line":226,"column":33},"end":{"line":226,"column":40}},"73":{"start":{"line":228,"column":24},"end":{"line":233,"column":9}},"74":{"start":{"line":234,"column":8},"end":{"line":234,"column":48}},"75":{"start":{"line":238,"column":8},"end":{"line":238,"column":40}},"76":{"start":{"line":238,"column":33},"end":{"line":238,"column":40}},"77":{"start":{"line":240,"column":24},"end":{"line":244,"column":9}},"78":{"start":{"line":245,"column":8},"end":{"line":245,"column":40}},"79":{"start":{"line":246,"column":8},"end":{"line":246,"column":48}},"80":{"start":{"line":250,"column":8},"end":{"line":250,"column":38}},"81":{"start":{"line":250,"column":31},"end":{"line":250,"column":38}},"82":{"start":{"line":252,"column":24},"end":{"line":260,"column":9}},"83":{"start":{"line":262,"column":20},"end":{"line":270,"column":10}},"84":{"start":{"line":263,"column":31},"end":{"line":263,"column":33}},"85":{"start":{"line":264,"column":12},"end":{"line":266,"column":15}},"86":{"start":{"line":265,"column":16},"end":{"line":265,"column":38}},"87":{"start":{"line":267,"column":12},"end":{"line":269,"column":15}},"88":{"start":{"line":268,"column":16},"end":{"line":268,"column":77}},"89":{"start":{"line":272,"column":8},"end":{"line":274,"column":11}},"90":{"start":{"line":273,"column":12},"end":{"line":273,"column":67}},"91":{"start":{"line":276,"column":8},"end":{"line":276,"column":40}},"92":{"start":{"line":277,"column":8},"end":{"line":277,"column":18}},"93":{"start":{"line":281,"column":8},"end":{"line":281,"column":24}},"94":{"start":{"line":285,"column":0},"end":{"line":285,"column":31}}},"fnMap":{"0":{"name":"(anonymous_0)","decl":{"start":{"line":78,"column":4},"end":{"line":78,"column":5}},"loc":{"start":{"line":78,"column":20},"end":{"line":85,"column":5}},"line":78},"1":{"name":"(anonymous_1)","decl":{"start":{"line":87,"column":4},"end":{"line":87,"column":5}},"loc":{"start":{"line":87,"column":22},"end":{"line":92,"column":5}},"line":87},"2":{"name":"(anonymous_2)","decl":{"start":{"line":94,"column":4},"end":{"line":94,"column":5}},"loc":{"start":{"line":94,"column":16},"end":{"line":96,"column":5}},"line":94},"3":{"name":"(anonymous_3)","decl":{"start":{"line":98,"column":4},"end":{"line":98,"column":5}},"loc":{"start":{"line":98,"column":26},"end":{"line":155,"column":5}},"line":98},"4":{"name":"(anonymous_4)","decl":{"start":{"line":121,"column":33},"end":{"line":121,"column":34}},"loc":{"start":{"line":121,"column":39},"end":{"line":124,"column":13}},"line":121},"5":{"name":"(anonymous_5)","decl":{"start":{"line":126,"column":36},"end":{"line":126,"column":37}},"loc":{"start":{"line":126,"column":46},"end":{"line":138,"column":13}},"line":126},"6":{"name":"(anonymous_6)","decl":{"start":{"line":140,"column":34},"end":{"line":140,"column":35}},"loc":{"start":{"line":140,"column":40},"end":{"line":143,"column":13}},"line":140},"7":{"name":"(anonymous_7)","decl":{"start":{"line":145,"column":34},"end":{"line":145,"column":35}},"loc":{"start":{"line":145,"column":43},"end":{"line":148,"column":13}},"line":145},"8":{"name":"(anonymous_8)","decl":{"start":{"line":157,"column":4},"end":{"line":157,"column":5}},"loc":{"start":{"line":157,"column":18},"end":{"line":159,"column":5}},"line":157},"9":{"name":"(anonymous_9)","decl":{"start":{"line":161,"column":4},"end":{"line":161,"column":5}},"loc":{"start":{"line":161,"column":17},"end":{"line":188,"column":5}},"line":161},"10":{"name":"(anonymous_10)","decl":{"start":{"line":166,"column":40},"end":{"line":166,"column":41}},"loc":{"start":{"line":166,"column":49},"end":{"line":168,"column":13}},"line":166},"11":{"name":"(anonymous_11)","decl":{"start":{"line":177,"column":23},"end":{"line":177,"column":24}},"loc":{"start":{"line":177,"column":29},"end":{"line":183,"column":13}},"line":177},"12":{"name":"(anonymous_12)","decl":{"start":{"line":190,"column":4},"end":{"line":190,"column":5}},"loc":{"start":{"line":190,"column":23},"end":{"line":198,"column":5}},"line":190},"13":{"name":"(anonymous_13)","decl":{"start":{"line":200,"column":4},"end":{"line":200,"column":5}},"loc":{"start":{"line":200,"column":19},"end":{"line":223,"column":5}},"line":200},"14":{"name":"(anonymous_14)","decl":{"start":{"line":225,"column":4},"end":{"line":225,"column":5}},"loc":{"start":{"line":225,"column":26},"end":{"line":235,"column":5}},"line":225},"15":{"name":"(anonymous_15)","decl":{"start":{"line":237,"column":4},"end":{"line":237,"column":5}},"loc":{"start":{"line":237,"column":21},"end":{"line":247,"column":5}},"line":237},"16":{"name":"(anonymous_16)","decl":{"start":{"line":249,"column":4},"end":{"line":249,"column":5}},"loc":{"start":{"line":249,"column":36},"end":{"line":278,"column":5}},"line":249},"17":{"name":"(anonymous_17)","decl":{"start":{"line":262,"column":42},"end":{"line":262,"column":43}},"loc":{"start":{"line":262,"column":51},"end":{"line":270,"column":9}},"line":262},"18":{"name":"(anonymous_18)","decl":{"start":{"line":264,"column":27},"end":{"line":264,"column":28}},"loc":{"start":{"line":264,"column":38},"end":{"line":266,"column":13}},"line":264},"19":{"name":"(anonymous_19)","decl":{"start":{"line":267,"column":26},"end":{"line":267,"column":27}},"loc":{"start":{"line":267,"column":32},"end":{"line":269,"column":13}},"line":267},"20":{"name":"(anonymous_20)","decl":{"start":{"line":272,"column":24},"end":{"line":272,"column":25}},"loc":{"start":{"line":272,"column":31},"end":{"line":274,"column":9}},"line":272},"21":{"name":"(anonymous_21)","decl":{"start":{"line":280,"column":4},"end":{"line":280,"column":5}},"loc":{"start":{"line":280,"column":15},"end":{"line":282,"column":5}},"line":280}},"branchMap":{"0":{"loc":{"start":{"line":89,"column":8},"end":{"line":91,"column":9}},"type":"if","locations":[{"start":{"line":89,"column":8},"end":{"line":91,"column":9}},{"start":{},"end":{}}],"line":89},"1":{"loc":{"start":{"line":98,"column":12},"end":{"line":98,"column":24}},"type":"default-arg","locations":[{"start":{"line":98,"column":19},"end":{"line":98,"column":24}}],"line":98},"2":{"loc":{"start":{"line":99,"column":8},"end":{"line":102,"column":9}},"type":"if","locations":[{"start":{"line":99,"column":8},"end":{"line":102,"column":9}},{"start":{},"end":{}}],"line":99},"3":{"loc":{"start":{"line":104,"column":8},"end":{"line":104,"column":73}},"type":"if","locations":[{"start":{"line":104,"column":8},"end":{"line":104,"column":73}},{"start":{},"end":{}}],"line":104},"4":{"loc":{"start":{"line":104,"column":12},"end":{"line":104,"column":64}},"type":"binary-expr","locations":[{"start":{"line":104,"column":12},"end":{"line":104,"column":21}},{"start":{"line":104,"column":25},"end":{"line":104,"column":64}}],"line":104},"5":{"loc":{"start":{"line":132,"column":20},"end":{"line":134,"column":21}},"type":"if","locations":[{"start":{"line":132,"column":20},"end":{"line":134,"column":21}},{"start":{},"end":{}}],"line":132},"6":{"loc":{"start":{"line":158,"column":18},"end":{"line":158,"column":70}},"type":"binary-expr","locations":[{"start":{"line":158,"column":18},"end":{"line":158,"column":27}},{"start":{"line":158,"column":31},"end":{"line":158,"column":70}}],"line":158},"7":{"loc":{"start":{"line":162,"column":24},"end":{"line":162,"column":64}},"type":"binary-expr","locations":[{"start":{"line":162,"column":24},"end":{"line":162,"column":38}},{"start":{"line":162,"column":42},"end":{"line":162,"column":64}}],"line":162},"8":{"loc":{"start":{"line":164,"column":8},"end":{"line":169,"column":9}},"type":"if","locations":[{"start":{"line":164,"column":8},"end":{"line":169,"column":9}},{"start":{},"end":{}}],"line":164},"9":{"loc":{"start":{"line":164,"column":12},"end":{"line":164,"column":52}},"type":"binary-expr","locations":[{"start":{"line":164,"column":12},"end":{"line":164,"column":31}},{"start":{"line":164,"column":35},"end":{"line":164,"column":52}}],"line":164},"10":{"loc":{"start":{"line":167,"column":16},"end":{"line":167,"column":87}},"type":"if","locations":[{"start":{"line":167,"column":16},"end":{"line":167,"column":87}},{"start":{},"end":{}}],"line":167},"11":{"loc":{"start":{"line":171,"column":8},"end":{"line":185,"column":9}},"type":"if","locations":[{"start":{"line":171,"column":8},"end":{"line":185,"column":9}},{"start":{},"end":{}}],"line":171},"12":{"loc":{"start":{"line":173,"column":12},"end":{"line":175,"column":13}},"type":"if","locations":[{"start":{"line":173,"column":12},"end":{"line":175,"column":13}},{"start":{},"end":{}}],"line":173},"13":{"loc":{"start":{"line":178,"column":16},"end":{"line":182,"column":17}},"type":"if","locations":[{"start":{"line":178,"column":16},"end":{"line":182,"column":17}},{"start":{"line":180,"column":23},"end":{"line":182,"column":17}}],"line":178},"14":{"loc":{"start":{"line":201,"column":8},"end":{"line":204,"column":9}},"type":"if","locations":[{"start":{"line":201,"column":8},"end":{"line":204,"column":9}},{"start":{},"end":{}}],"line":201},"15":{"loc":{"start":{"line":226,"column":8},"end":{"line":226,"column":40}},"type":"if","locations":[{"start":{"line":226,"column":8},"end":{"line":226,"column":40}},{"start":{},"end":{}}],"line":226},"16":{"loc":{"start":{"line":238,"column":8},"end":{"line":238,"column":40}},"type":"if","locations":[{"start":{"line":238,"column":8},"end":{"line":238,"column":40}},{"start":{},"end":{}}],"line":238},"17":{"loc":{"start":{"line":250,"column":8},"end":{"line":250,"column":38}},"type":"if","locations":[{"start":{"line":250,"column":8},"end":{"line":250,"column":38}},{"start":{},"end":{}}],"line":250}},"s":{"0":2,"1":2,"2":2,"3":2,"4":32,"5":32,"6":32,"7":32,"8":32,"9":32,"10":12,"11":12,"12":2,"13":1,"14":2,"15":1,"16":1,"17":1,"18":0,"19":1,"20":1,"21":1,"22":1,"23":1,"24":1,"25":0,"26":0,"27":0,"28":0,"29":0,"30":0,"31":0,"32":0,"33":0,"34":0,"35":0,"36":0,"37":0,"38":0,"39":0,"40":0,"41":1,"42":1,"43":1,"44":20,"45":7,"46":7,"47":1,"48":1,"49":1,"50":1,"51":7,"52":1,"53":1,"54":1,"55":1,"56":0,"57":0,"58":0,"59":1,"60":6,"61":6,"62":6,"63":6,"64":2,"65":1,"66":1,"67":1,"68":1,"69":1,"70":1,"71":4,"72":1,"73":3,"74":3,"75":4,"76":1,"77":3,"78":3,"79":3,"80":3,"81":1,"82":2,"83":2,"84":0,"85":0,"86":0,"87":0,"88":0,"89":2,"90":0,"91":2,"92":2,"93":2,"94":2},"f":{"0":32,"1":12,"2":1,"3":2,"4":0,"5":0,"6":0,"7":0,"8":20,"9":7,"10":1,"11":0,"12":6,"13":2,"14":4,"15":4,"16":3,"17":0,"18":0,"19":0,"20":0,"21":2},"b":{"0":[2,10],"1":[0],"2":[1,1],"3":[0,1],"4":[1,0],"5":[0,0],"6":[20,15],"7":[7,1],"8":[1,6],"9":[7,3],"10":[1,0],"11":[1,6],"12":[1,0],"13":[0,0],"14":[1,1],"15":[1,3],"16":[1,3],"17":[1,2]},"_coverageSchema":"1a1c01bbd47fc00a2c39e90264f33305004495a9","hash":"c50af45ce874ba9f309c35084a6e3180aa362b25"}
}
