TN:
SF:index.js
FN:24,loadTvConfig
FN:38,saveTvConfig
FN:43,initAdapter
FN:60,scanForTv
FN:76,(anonymous_4)
FN:77,(anonymous_5)
FN:79,(anonymous_6)
FN:80,(anonymous_7)
FN:96,(anonymous_8)
FN:97,(anonymous_9)
FN:105,(anonymous_10)
FN:106,(anonymous_11)
FN:108,(anonymous_12)
FN:109,(anonymous_13)
FN:125,(anonymous_14)
FN:126,(anonymous_15)
FN:132,(anonymous_16)
FN:146,connectToTv
FN:165,sendKey
FN:173,sendText
FN:181,sendMouseMove
FN:186,sendMouseClick
FN:191,scanAndConnect
FN:204,(anonymous_23)
FN:220,(anonymous_24)
FN:221,(anonymous_25)
FN:222,(anonymous_26)
FN:223,(anonymous_27)
FN:224,(anonymous_28)
FN:231,startServer
FN:238,(anonymous_30)
FNF:31
FNH:0
FNDA:0,loadTvConfig
FNDA:0,saveTvConfig
FNDA:0,initAdapter
FNDA:0,scanForTv
FNDA:0,(anonymous_4)
FNDA:0,(anonymous_5)
FNDA:0,(anonymous_6)
FNDA:0,(anonymous_7)
FNDA:0,(anonymous_8)
FNDA:0,(anonymous_9)
FNDA:0,(anonymous_10)
FNDA:0,(anonymous_11)
FNDA:0,(anonymous_12)
FNDA:0,(anonymous_13)
FNDA:0,(anonymous_14)
FNDA:0,(anonymous_15)
FNDA:0,(anonymous_16)
FNDA:0,connectToTv
FNDA:0,sendKey
FNDA:0,sendText
FNDA:0,sendMouseMove
FNDA:0,sendMouseClick
FNDA:0,scanAndConnect
FNDA:0,(anonymous_23)
FNDA:0,(anonymous_24)
FNDA:0,(anonymous_25)
FNDA:0,(anonymous_26)
FNDA:0,(anonymous_27)
FNDA:0,(anonymous_28)
FNDA:0,startServer
FNDA:0,(anonymous_30)
DA:1,0
DA:2,0
DA:3,0
DA:4,0
DA:5,0
DA:6,0
DA:7,0
DA:9,0
DA:10,0
DA:12,0
DA:13,0
DA:14,0
DA:16,0
DA:17,0
DA:20,0
DA:21,0
DA:25,0
DA:26,0
DA:27,0
DA:28,0
DA:29,0
DA:30,0
DA:32,0
DA:35,0
DA:39,0
DA:40,0
DA:44,0
DA:46,0
DA:47,0
DA:48,0
DA:50,0
DA:51,0
DA:54,0
DA:55,0
DA:56,0
DA:61,0
DA:62,0
DA:64,0
DA:65,0
DA:66,0
DA:67,0
DA:70,0
DA:71,0
DA:74,0
DA:75,0
DA:76,0
DA:77,0
DA:78,0
DA:79,0
DA:80,0
DA:81,0
DA:82,0
DA:83,0
DA:84,0
DA:91,0
DA:93,0
DA:96,0
DA:97,0
DA:99,0
DA:103,0
DA:104,0
DA:105,0
DA:106,0
DA:107,0
DA:108,0
DA:109,0
DA:110,0
DA:111,0
DA:112,0
DA:113,0
DA:120,0
DA:122,0
DA:125,0
DA:126,0
DA:128,0
DA:131,0
DA:132,0
DA:134,0
DA:135,0
DA:136,0
DA:137,0
DA:138,0
DA:140,0
DA:141,0
DA:147,0
DA:149,0
DA:150,0
DA:151,0
DA:155,0
DA:158,0
DA:159,0
DA:161,0
DA:166,0
DA:167,0
DA:168,0
DA:170,0
DA:174,0
DA:175,0
DA:176,0
DA:178,0
DA:182,0
DA:183,0
DA:187,0
DA:188,0
DA:192,0
DA:194,0
DA:195,0
DA:197,0
DA:198,0
DA:199,0
DA:204,0
DA:205,0
DA:207,0
DA:208,0
DA:210,0
DA:211,0
DA:212,0
DA:214,0
DA:217,0
DA:220,0
DA:221,0
DA:222,0
DA:223,0
DA:224,0
DA:225,0
DA:226,0
DA:227,0
DA:233,0
DA:236,0
DA:237,0
DA:238,0
DA:239,0
DA:240,0
DA:242,0
DA:245,0
LF:135
LH:0
BRDA:25,0,0,0
BRDA:25,0,1,0
BRDA:29,1,0,0
BRDA:29,1,1,0
BRDA:44,2,0,0
BRDA:44,2,1,0
BRDA:46,3,0,0
BRDA:46,3,1,0
BRDA:65,4,0,0
BRDA:65,4,1,0
BRDA:83,5,0,0
BRDA:83,5,1,0
BRDA:83,6,0,0
BRDA:83,6,1,0
BRDA:83,6,2,0
BRDA:86,7,0,0
BRDA:86,7,1,0
BRDA:112,8,0,0
BRDA:112,8,1,0
BRDA:112,9,0,0
BRDA:112,9,1,0
BRDA:112,9,2,0
BRDA:112,9,3,0
BRDA:115,10,0,0
BRDA:115,10,1,0
BRDA:116,11,0,0
BRDA:116,11,1,0
BRDA:134,12,0,0
BRDA:134,12,1,0
BRDA:146,13,0,0
BRDA:147,14,0,0
BRDA:147,14,1,0
BRDA:149,15,0,0
BRDA:149,15,1,0
BRDA:149,16,0,0
BRDA:149,16,1,0
BRDA:158,17,0,0
BRDA:158,17,1,0
BRDA:166,18,0,0
BRDA:166,18,1,0
BRDA:174,19,0,0
BRDA:174,19,1,0
BRDA:182,20,0,0
BRDA:182,20,1,0
BRDA:187,21,0,0
BRDA:187,21,1,0
BRDA:194,22,0,0
BRDA:194,22,1,0
BRDA:198,23,0,0
BRDA:198,23,1,0
BRDA:210,24,0,0
BRDA:210,24,1,0
BRDA:211,25,0,0
BRDA:211,25,1,0
BRDA:211,26,0,0
BRDA:211,26,1,0
BRDA:227,27,0,0
BRDA:227,27,1,0
BRF:58
BRH:0
end_of_record
TN:
SF:samsung-adapter.js
FN:11,(anonymous_0)
FN:18,(anonymous_1)
FN:22,(anonymous_2)
FN:26,(anonymous_3)
FN:31,(anonymous_4)
FN:54,(anonymous_5)
FN:59,(anonymous_6)
FN:70,(anonymous_7)
FN:75,(anonymous_8)
FN:79,(anonymous_9)
FN:88,(anonymous_10)
FN:92,(anonymous_11)
FN:95,(anonymous_12)
FN:106,(anonymous_13)
FN:119,(anonymous_14)
FN:133,(anonymous_15)
FN:153,(anonymous_16)
FN:171,(anonymous_17)
FN:185,(anonymous_18)
FNF:19
FNH:11
FNDA:21,(anonymous_0)
FNDA:8,(anonymous_1)
FNDA:1,(anonymous_2)
FNDA:0,(anonymous_3)
FNDA:0,(anonymous_4)
FNDA:0,(anonymous_5)
FNDA:0,(anonymous_6)
FNDA:0,(anonymous_7)
FNDA:0,(anonymous_8)
FNDA:0,(anonymous_9)
FNDA:14,(anonymous_10)
FNDA:4,(anonymous_11)
FNDA:1,(anonymous_12)
FNDA:0,(anonymous_13)
FNDA:3,(anonymous_14)
FNDA:3,(anonymous_15)
FNDA:2,(anonymous_16)
FNDA:2,(anonymous_17)
FNDA:2,(anonymous_18)
DA:1,2
DA:2,2
DA:3,2
DA:4,2
DA:6,2
DA:7,2
DA:8,2
DA:12,21
DA:13,21
DA:14,21
DA:15,21
DA:19,8
DA:23,1
DA:27,0
DA:28,0
DA:32,0
DA:33,0
DA:34,0
DA:37,0
DA:39,0
DA:40,0
DA:41,0
DA:43,0
DA:44,0
DA:46,0
DA:47,0
DA:49,0
DA:54,0
DA:55,0
DA:56,0
DA:59,0
DA:60,0
DA:61,0
DA:62,0
DA:63,0
DA:64,0
DA:65,0
DA:70,0
DA:71,0
DA:72,0
DA:75,0
DA:76,0
DA:77,0
DA:78,0
DA:79,0
DA:81,0
DA:85,0
DA:89,14
DA:93,4
DA:94,1
DA:95,1
DA:96,1
DA:100,4
DA:101,1
DA:102,1
DA:103,1
DA:106,1
DA:107,0
DA:108,0
DA:110,0
DA:113,1
DA:116,3
DA:120,3
DA:129,3
DA:130,3
DA:134,3
DA:135,1
DA:136,1
DA:139,2
DA:141,2
DA:142,2
DA:150,2
DA:154,2
DA:156,1
DA:168,1
DA:172,2
DA:174,1
DA:181,1
DA:182,1
DA:186,2
DA:190,2
LF:81
LH:44
BRDA:27,0,0,0
BRDA:27,0,1,0
BRDA:31,1,0,0
BRDA:32,2,0,0
BRDA:32,2,1,0
BRDA:37,3,0,0
BRDA:37,3,1,0
BRDA:37,4,0,0
BRDA:37,4,1,0
BRDA:43,5,0,0
BRDA:43,5,1,0
BRDA:44,6,0,0
BRDA:44,6,1,0
BRDA:61,7,0,0
BRDA:61,7,1,0
BRDA:63,8,0,0
BRDA:63,8,1,0
BRDA:63,9,0,0
BRDA:63,9,1,0
BRDA:77,10,0,0
BRDA:77,10,1,0
BRDA:77,11,0,0
BRDA:77,11,1,0
BRDA:89,12,0,14
BRDA:89,12,1,9
BRDA:93,13,0,1
BRDA:93,13,1,3
BRDA:93,14,0,4
BRDA:93,14,1,2
BRDA:96,15,0,1
BRDA:96,15,1,0
BRDA:100,16,0,1
BRDA:100,16,1,3
BRDA:102,17,0,1
BRDA:102,17,1,0
BRDA:107,18,0,0
BRDA:107,18,1,0
BRDA:134,19,0,1
BRDA:134,19,1,2
BRDA:154,20,0,1
BRDA:154,20,1,1
BRDA:172,21,0,1
BRDA:172,21,1,1
BRF:43
BRH:16
end_of_record
TN:
SF:scan-detail.js
FN:2,(anonymous_0)
FN:4,(anonymous_1)
FN:5,(anonymous_2)
FNF:3
FNH:0
FNDA:0,(anonymous_0)
FNDA:0,(anonymous_1)
FNDA:0,(anonymous_2)
DA:1,0
DA:2,0
DA:3,0
DA:4,0
DA:5,0
LF:5
LH:0
BRF:0
BRH:0
end_of_record
TN:
SF:scan.js
FN:4,scan
FN:18,(anonymous_1)
FN:19,(anonymous_2)
FN:21,(anonymous_3)
FN:22,(anonymous_4)
FN:33,(anonymous_5)
FN:34,(anonymous_6)
FN:41,(anonymous_7)
FN:45,(anonymous_8)
FNF:9
FNH:0
FNDA:0,scan
FNDA:0,(anonymous_1)
FNDA:0,(anonymous_2)
FNDA:0,(anonymous_3)
FNDA:0,(anonymous_4)
FNDA:0,(anonymous_5)
FNDA:0,(anonymous_6)
FNDA:0,(anonymous_7)
FNDA:0,(anonymous_8)
DA:1,0
DA:2,0
DA:5,0
DA:6,0
DA:7,0
DA:8,0
DA:11,0
DA:12,0
DA:14,0
DA:16,0
DA:17,0
DA:18,0
DA:19,0
DA:20,0
DA:21,0
DA:22,0
DA:23,0
DA:24,0
DA:25,0
DA:26,0
DA:28,0
DA:30,0
DA:33,0
DA:34,0
DA:36,0
DA:39,0
DA:40,0
DA:41,0
DA:43,0
DA:44,0
DA:45,0
DA:47,0
DA:51,0
LF:33
LH:0
BRDA:6,0,0,0
BRDA:6,0,1,0
BRDA:25,1,0,0
BRDA:25,1,1,0
BRDA:25,2,0,0
BRDA:25,2,1,0
BRDA:25,2,2,0
BRDA:43,3,0,0
BRDA:43,3,1,0
BRF:9
BRH:0
end_of_record
TN:
SF:xiaomi-adapter.js
FN:78,(anonymous_0)
FN:87,(anonymous_1)
FN:94,(anonymous_2)
FN:98,(anonymous_3)
FN:121,(anonymous_4)
FN:126,(anonymous_5)
FN:140,(anonymous_6)
FN:145,(anonymous_7)
FN:157,(anonymous_8)
FN:161,(anonymous_9)
FN:166,(anonymous_10)
FN:177,(anonymous_11)
FN:190,(anonymous_12)
FN:200,(anonymous_13)
FN:225,(anonymous_14)
FN:237,(anonymous_15)
FN:249,(anonymous_16)
FN:262,(anonymous_17)
FN:264,(anonymous_18)
FN:267,(anonymous_19)
FN:272,(anonymous_20)
FN:280,(anonymous_21)
FNF:22
FNH:13
FNDA:32,(anonymous_0)
FNDA:12,(anonymous_1)
FNDA:1,(anonymous_2)
FNDA:2,(anonymous_3)
FNDA:0,(anonymous_4)
FNDA:0,(anonymous_5)
FNDA:0,(anonymous_6)
FNDA:0,(anonymous_7)
FNDA:20,(anonymous_8)
FNDA:7,(anonymous_9)
FNDA:1,(anonymous_10)
FNDA:0,(anonymous_11)
FNDA:6,(anonymous_12)
FNDA:2,(anonymous_13)
FNDA:4,(anonymous_14)
FNDA:4,(anonymous_15)
FNDA:3,(anonymous_16)
FNDA:0,(anonymous_17)
FNDA:0,(anonymous_18)
FNDA:0,(anonymous_19)
FNDA:0,(anonymous_20)
FNDA:2,(anonymous_21)
DA:1,2
DA:2,2
DA:3,2
DA:6,2
DA:79,32
DA:80,32
DA:81,32
DA:82,32
DA:83,32
DA:84,32
DA:88,12
DA:89,12
DA:90,2
DA:95,1
DA:99,2
DA:100,1
DA:101,1
DA:104,1
DA:106,1
DA:107,1
DA:109,1
DA:110,1
DA:112,1
DA:113,1
DA:121,0
DA:122,0
DA:123,0
DA:126,0
DA:127,0
DA:128,0
DA:129,0
DA:132,0
DA:133,0
DA:136,0
DA:140,0
DA:141,0
DA:142,0
DA:145,0
DA:146,0
DA:147,0
DA:150,1
DA:151,1
DA:154,1
DA:158,20
DA:162,7
DA:164,7
DA:165,1
DA:166,1
DA:167,1
DA:171,7
DA:172,1
DA:173,1
DA:174,1
DA:177,1
DA:178,0
DA:179,0
DA:181,0
DA:184,1
DA:187,6
DA:191,6
DA:196,6
DA:197,6
DA:201,2
DA:202,1
DA:203,1
DA:206,1
DA:209,1
DA:216,1
DA:219,1
DA:226,4
DA:228,3
DA:234,3
DA:238,4
DA:240,3
DA:245,3
DA:246,3
DA:250,3
DA:252,2
DA:262,2
DA:263,0
DA:264,0
DA:265,0
DA:267,0
DA:268,0
DA:272,2
DA:273,0
DA:276,2
DA:277,2
DA:281,2
DA:285,2
LF:90
LH:65
BRDA:89,0,0,2
BRDA:89,0,1,10
BRDA:98,1,0,0
BRDA:99,2,0,1
BRDA:99,2,1,1
BRDA:104,3,0,0
BRDA:104,3,1,1
BRDA:104,4,0,1
BRDA:104,4,1,0
BRDA:132,5,0,0
BRDA:132,5,1,0
BRDA:158,6,0,20
BRDA:158,6,1,15
BRDA:162,7,0,7
BRDA:162,7,1,1
BRDA:164,8,0,1
BRDA:164,8,1,6
BRDA:164,9,0,7
BRDA:164,9,1,3
BRDA:167,10,0,1
BRDA:167,10,1,0
BRDA:171,11,0,1
BRDA:171,11,1,6
BRDA:173,12,0,1
BRDA:173,12,1,0
BRDA:178,13,0,0
BRDA:178,13,1,0
BRDA:201,14,0,1
BRDA:201,14,1,1
BRDA:226,15,0,1
BRDA:226,15,1,3
BRDA:238,16,0,1
BRDA:238,16,1,3
BRDA:250,17,0,1
BRDA:250,17,1,2
BRF:35
BRH:26
end_of_record
